<?xml version="1.0" encoding="UTF-8"?>
<robot generator="Robot 7.1 (Python 3.12.2 on win32)" generated="2024-10-20T00:25:17.396129" rpa="false" schemaversion="5">
<suite id="s1" name="Selecionar Produto Mobile" source="c:\ITERASYS\ProjetoFinal5\tests\mobile\selecionar_produto_mobile.robot">
<test id="s1-t1" name="Selecionar Produto" line="21">
<kw name="Open Application" owner="AppiumLibrary">
<arg>${REMOTE_URL}</arg>
<arg>platformName=Android</arg>
<arg>appium:platformVersion=13</arg>
<arg>appium:deviceName=Samsung Galaxy A23 5G</arg>
<arg>appium:deviceOrientation=portrait</arg>
<arg>appium:app=storage:filename=Giuliana Flores_2.0.61_APKPure.apk</arg>
<arg>appium:appPackage=br.com.giulianaflores.android</arg>
<arg>appium:ensureWebviewsHavePages=${True}</arg>
<arg>appium:nativeWebScreenshot=${True}</arg>
<arg>appium:newCommandTimeout=${3600}</arg>
<arg>appium:connectHardwareKeyboard=${True}</arg>
<doc>Opens a new application to given Appium server.
Capabilities of appium server, Android and iOS,
Please check https://appium.io/docs/en/2.1/cli/args/
| *Option*            | *Man.* | *Description*     |
| remote_url          | Yes    | Appium server url |
| alias               | no     | alias             |
| strict_ssl          | No     | allows you to send commands to an invalid certificate host like a self-signed one. |</doc>
<status status="PASS" start="2024-10-20T00:25:18.210547" elapsed="51.294610"/>
</kw>
<kw name="Esperar Até Que Elemento Esteja Visível">
<msg time="2024-10-20T00:26:09.508159" level="FAIL">No keyword with name 'Esperar Até Que Elemento Esteja Visível' found.</msg>
<arg>xpath=//android.widget.TextView[@text="Rosas"]</arg>
<status status="FAIL" start="2024-10-20T00:26:09.508159" elapsed="0.003995">No keyword with name 'Esperar Até Que Elemento Esteja Visível' found.</status>
</kw>
<kw name="Clicar Elemento">
<arg>xpath=//android.widget.TextView[@text="Rosas"]</arg>
<status status="NOT RUN" start="2024-10-20T00:26:09.514154" elapsed="0.001000"/>
</kw>
<kw name="Esperar Até Que Elemento Esteja Visível">
<arg>xpath=//android.widget.TextView[@text="${PRODUCT_NAME}"]</arg>
<status status="NOT RUN" start="2024-10-20T00:26:09.518154" elapsed="0.000998"/>
</kw>
<kw name="Obter Texto">
<var>${price}</var>
<arg>xpath=//android.widget.TextView[@text="${PRODUCT_NAME}"]/following-sibling::android.widget.TextView</arg>
<status status="NOT RUN" start="2024-10-20T00:26:09.520151" elapsed="0.000999"/>
</kw>
<kw name="Deve Ser Igual">
<arg>${price}</arg>
<arg>${PRODUCT_PRICE}</arg>
<status status="NOT RUN" start="2024-10-20T00:26:09.522149" elapsed="0.000000"/>
</kw>
<kw name="Clicar Elemento">
<arg>xpath=//android.widget.TextView[@text="${PRODUCT_NAME}"]</arg>
<status status="NOT RUN" start="2024-10-20T00:26:09.523150" elapsed="0.000000"/>
</kw>
<kw name="Esperar Até Que Elemento Esteja Visível">
<arg>xpath=//android.widget.TextView[@text="ADICIONAR AO CARRINHO"]</arg>
<status status="NOT RUN" start="2024-10-20T00:26:09.523965" elapsed="0.001565"/>
</kw>
<kw name="Clicar Elemento">
<arg>xpath=//android.widget.TextView[@text="ADICIONAR AO CARRINHO"]</arg>
<status status="NOT RUN" start="2024-10-20T00:26:09.525705" elapsed="0.001000"/>
</kw>
<kw name="Clicar Elemento">
<arg>xpath=//android.widget.TextView[@text="CARRINHO"]</arg>
<status status="NOT RUN" start="2024-10-20T00:26:09.527705" elapsed="0.000000"/>
</kw>
<kw name="Esperar Até Que Elemento Esteja Visível">
<arg>xpath=//android.widget.TextView[@text="${PRODUCT_NAME}"]</arg>
<status status="NOT RUN" start="2024-10-20T00:26:09.528704" elapsed="0.000000"/>
</kw>
<kw name="Obter Texto">
<var>${cart_price}</var>
<arg>xpath=//android.widget.TextView[@text="${PRODUCT_NAME}"]/following-sibling::android.widget.TextView</arg>
<status status="NOT RUN" start="2024-10-20T00:26:09.531705" elapsed="0.001000"/>
</kw>
<kw name="Deve Ser Igual">
<arg>${cart_price}</arg>
<arg>${PRODUCT_PRICE}</arg>
<status status="NOT RUN" start="2024-10-20T00:26:09.534702" elapsed="0.000999"/>
</kw>
<kw name="Close Application" owner="AppiumLibrary" type="TEARDOWN">
<doc>Closes the current application and also close webdriver session.</doc>
<status status="PASS" start="2024-10-20T00:26:09.536700" elapsed="1.341399"/>
</kw>
<status status="FAIL" start="2024-10-20T00:25:18.206548" elapsed="52.675519">No keyword with name 'Esperar Até Que Elemento Esteja Visível' found.</status>
</test>
<status status="FAIL" start="2024-10-20T00:25:17.436109" elapsed="53.456821"/>
</suite>
<statistics>
<total>
<stat pass="0" fail="1" skip="0">All Tests</stat>
</total>
<tag>
</tag>
<suite>
<stat pass="0" fail="1" skip="0" id="s1" name="Selecionar Produto Mobile">Selecionar Produto Mobile</stat>
</suite>
</statistics>
<errors>
</errors>
</robot>
