<?xml version="1.0" encoding="UTF-8"?>
<robot generator="Robot 7.1 (Python 3.12.2 on win32)" generated="2024-10-17T22:01:10.328641" rpa="false" schemaversion="5">
<suite id="s1" name="Giuliana Flores Mobile" source="c:\ITERASYS\ProjetoFinal5\tests\web\mobile\giuliana_flores_mobile.robot">
<test id="s1-t1" name="Selecionar Produto" line="21">
<kw name="Open Application" owner="AppiumLibrary">
<msg time="2024-10-17T22:01:10.776971" level="FAIL">Variable '${REMOTE_URL}' not found.</msg>
<arg>${REMOTE_URL}</arg>
<arg>platformName=Android</arg>
<arg>appium:platformVersion=13</arg>
<arg>appium:deviceName=Samsung Galaxy A23 5G</arg>
<arg>appium:deviceOrientation=portrait</arg>
<arg>appium:app=storage:filename=Giuliana Flores_2.0.61_APKPure.apk</arg>
<arg>appium:appPackage=br.com.giulianaflores.android</arg>
<arg>appium:ensureWebviewsHavePages=${True}</arg>
<arg>appium:nativeWebScreenshot=${True}</arg>
<arg>appium:newCommandTimeout=${3600}</arg>
<arg>appium:connectHardwareKeyboard=${True}</arg>
<doc>Opens a new application to given Appium server.
Capabilities of appium server, Android and iOS,
Please check https://appium.io/docs/en/2.1/cli/args/
| *Option*            | *Man.* | *Description*     |
| remote_url          | Yes    | Appium server url |
| alias               | no     | alias             |
| strict_ssl          | No     | allows you to send commands to an invalid certificate host like a self-signed one. |</doc>
<status status="FAIL" start="2024-10-17T22:01:10.775950" elapsed="0.003998">Variable '${REMOTE_URL}' not found.</status>
</kw>
<kw name="Wait Until Element Is Visible" owner="AppiumLibrary">
<arg>xpath=/hierarchy/android.widget.FrameLayout/android.widget.RelativeLayout/android.widget.ImageView</arg>
<doc>Waits until element specified with `locator` is visible.</doc>
<status status="NOT RUN" start="2024-10-17T22:01:10.785945" elapsed="0.000000"/>
</kw>
<kw name="Click Element" owner="AppiumLibrary">
<arg>xpath=/hierarchy/android.widget.FrameLayout/android.widget.RelativeLayout/android.widget.ImageView</arg>
<doc>Click element identified by `locator`.</doc>
<status status="NOT RUN" start="2024-10-17T22:01:10.791943" elapsed="0.000000"/>
</kw>
<kw name="Wait Until Element Is Visible" owner="AppiumLibrary">
<arg>xpath=//android.widget.TextView[@text="Pular"]</arg>
<doc>Waits until element specified with `locator` is visible.</doc>
<status status="NOT RUN" start="2024-10-17T22:01:10.797940" elapsed="0.002007"/>
</kw>
<kw name="Click Element" owner="AppiumLibrary">
<arg>xpath=//android.widget.TextView[@text="Pular"]</arg>
<doc>Click element identified by `locator`.</doc>
<status status="NOT RUN" start="2024-10-17T22:01:10.805933" elapsed="0.001000"/>
</kw>
<kw name="Wait Until Element Is Visible" owner="AppiumLibrary">
<arg>xpath=//android.widget.TextView[@text="Criar minha conta depois"]</arg>
<doc>Waits until element specified with `locator` is visible.</doc>
<status status="NOT RUN" start="2024-10-17T22:01:10.808932" elapsed="0.000000"/>
</kw>
<kw name="Click Element" owner="AppiumLibrary">
<arg>xpath=//android.widget.TextView[@text="Criar minha conta depois"]</arg>
<doc>Click element identified by `locator`.</doc>
<status status="NOT RUN" start="2024-10-17T22:01:10.810930" elapsed="0.000000"/>
</kw>
<kw name="Wait Until Element Is Visible" owner="AppiumLibrary">
<arg>id=com.android.permissioncontroller:id/permission_deny_button</arg>
<doc>Waits until element specified with `locator` is visible.</doc>
<status status="NOT RUN" start="2024-10-17T22:01:10.812929" elapsed="0.000000"/>
</kw>
<kw name="Click Element" owner="AppiumLibrary">
<arg>id=com.android.permissioncontroller:id/permission_deny_button</arg>
<doc>Click element identified by `locator`.</doc>
<status status="NOT RUN" start="2024-10-17T22:01:10.822926" elapsed="0.000996"/>
</kw>
<kw name="Wait Until Element Is Visible" owner="AppiumLibrary">
<arg>xpath=//android.widget.TextView[@text="NÃO, OBRIGADO"]</arg>
<doc>Waits until element specified with `locator` is visible.</doc>
<status status="NOT RUN" start="2024-10-17T22:01:10.825925" elapsed="0.000000"/>
</kw>
<kw name="Click Element" owner="AppiumLibrary">
<arg>xpath=//android.widget.TextView[@text="NÃO, OBRIGADO"]</arg>
<doc>Click element identified by `locator`.</doc>
<status status="NOT RUN" start="2024-10-17T22:01:10.826921" elapsed="0.000000"/>
</kw>
<kw name="Wait Until Element Is Visible" owner="AppiumLibrary">
<arg>xpath=//android.widget.ScrollView/android.view.ViewGroup/android.widget.HorizontalScrollView[2]/android.view.ViewGroup/android.view.ViewGroup[3]/android.view.ViewGroup/android.view.ViewGroup/android.widget.ImageView</arg>
<doc>Waits until element specified with `locator` is visible.</doc>
<status status="NOT RUN" start="2024-10-17T22:01:10.828921" elapsed="0.000000"/>
</kw>
<kw name="Click Element" owner="AppiumLibrary">
<arg>xpath=//android.widget.ScrollView/android.view.ViewGroup/android.widget.HorizontalScrollView[2]/android.view.ViewGroup/android.view.ViewGroup[3]/android.view.ViewGroup/android.view.ViewGroup/android.widget.ImageView</arg>
<doc>Click element identified by `locator`.</doc>
<status status="NOT RUN" start="2024-10-17T22:01:10.829920" elapsed="0.000998"/>
</kw>
<kw name="Wait Until Element Is Visible" owner="AppiumLibrary">
<arg>xpath=//android.widget.TextView[@text="Rosas"]</arg>
<doc>Waits until element specified with `locator` is visible.</doc>
<status status="NOT RUN" start="2024-10-17T22:01:10.834919" elapsed="0.001001"/>
</kw>
<kw name="Click Element" owner="AppiumLibrary">
<arg>xpath=//android.widget.TextView[@text="Rosas"]</arg>
<doc>Click element identified by `locator`.</doc>
<status status="NOT RUN" start="2024-10-17T22:01:10.839915" elapsed="0.000999"/>
</kw>
<kw name="Wait Until Element Is Visible" owner="AppiumLibrary">
<arg>xpath=//android.widget.TextView[@text="Buquê de 24 Rosas Vermelhas e Pink"]</arg>
<doc>Waits until element specified with `locator` is visible.</doc>
<status status="NOT RUN" start="2024-10-17T22:01:10.841913" elapsed="0.000999"/>
</kw>
<kw name="Click Element" owner="AppiumLibrary">
<arg>xpath=//android.widget.TextView[@text="Buquê de 24 Rosas Vermelhas e Pink"]</arg>
<doc>Click element identified by `locator`.</doc>
<status status="NOT RUN" start="2024-10-17T22:01:10.843911" elapsed="0.000000"/>
</kw>
<kw name="Wait Until Element Is Visible" owner="AppiumLibrary">
<arg>xpath=(//android.widget.TextView[@text="Buquê de 24 Rosas Vermelhas e Pink"])[2]</arg>
<doc>Waits until element specified with `locator` is visible.</doc>
<status status="NOT RUN" start="2024-10-17T22:01:10.846115" elapsed="0.000000"/>
</kw>
<kw name="Click Element" owner="AppiumLibrary">
<arg>xpath=(//android.widget.TextView[@text="Buquê de 24 Rosas Vermelhas e Pink"])[2]</arg>
<doc>Click element identified by `locator`.</doc>
<status status="NOT RUN" start="2024-10-17T22:01:10.847119" elapsed="0.003009"/>
</kw>
<kw name="Wait Until Element Is Visible" owner="AppiumLibrary">
<arg>xpath=//android.widget.TextView[@text="R$ 189,90"]</arg>
<doc>Waits until element specified with `locator` is visible.</doc>
<status status="NOT RUN" start="2024-10-17T22:01:10.853116" elapsed="0.000000"/>
</kw>
<kw name="Click Element" owner="AppiumLibrary">
<arg>xpath=//android.widget.TextView[@text="R$ 189,90"]</arg>
<doc>Click element identified by `locator`.</doc>
<status status="NOT RUN" start="2024-10-17T22:01:10.855118" elapsed="0.000996"/>
</kw>
<kw name="Wait Until Element Is Visible" owner="AppiumLibrary">
<arg>class=android.widget.EditText</arg>
<doc>Waits until element specified with `locator` is visible.</doc>
<status status="NOT RUN" start="2024-10-17T22:01:10.857113" elapsed="0.000000"/>
</kw>
<kw name="Click Element" owner="AppiumLibrary">
<arg>class=android.widget.EditText</arg>
<doc>Click element identified by `locator`.</doc>
<status status="NOT RUN" start="2024-10-17T22:01:10.859112" elapsed="0.002000"/>
</kw>
<kw name="Wait Until Element Is Visible" owner="AppiumLibrary">
<arg>xpath=//android.widget.TextView[@text="CONTINUAR"]</arg>
<doc>Waits until element specified with `locator` is visible.</doc>
<status status="NOT RUN" start="2024-10-17T22:01:10.863110" elapsed="0.000000"/>
</kw>
<kw name="Click Element" owner="AppiumLibrary">
<arg>xpath=//android.widget.TextView[@text="CONTINUAR"]</arg>
<doc>Click element identified by `locator`.</doc>
<status status="NOT RUN" start="2024-10-17T22:01:10.870106" elapsed="0.000999"/>
</kw>
<kw name="Close Application" owner="AppiumLibrary" type="TEARDOWN">
<kw name="Capture Page Screenshot" owner="AppiumLibrary">
<msg time="2024-10-17T22:01:10.875103" level="FAIL">No application is open</msg>
<doc>Takes a screenshot of the current page and embeds it into the log.</doc>
<status status="FAIL" start="2024-10-17T22:01:10.874105" elapsed="0.010992">No application is open</status>
</kw>
<msg time="2024-10-17T22:01:10.888096" level="WARN">Keyword 'Capture Page Screenshot' could not be run on failure: No application is open</msg>
<msg time="2024-10-17T22:01:10.897091" level="FAIL">No application is open</msg>
<doc>Closes the current application and also close webdriver session.</doc>
<status status="FAIL" start="2024-10-17T22:01:10.873104" elapsed="0.029422">No application is open</status>
</kw>
<status status="FAIL" start="2024-10-17T22:01:10.773952" elapsed="0.129564">Variable '${REMOTE_URL}' not found.

Also teardown failed:
No application is open</status>
</test>
<status status="FAIL" start="2024-10-17T22:01:10.341639" elapsed="0.565990"/>
</suite>
<statistics>
<total>
<stat pass="0" fail="1" skip="0">All Tests</stat>
</total>
<tag>
</tag>
<suite>
<stat pass="0" fail="1" skip="0" id="s1" name="Giuliana Flores Mobile">Giuliana Flores Mobile</stat>
</suite>
</statistics>
<errors>
<msg time="2024-10-17T22:01:10.764955" level="ERROR">Error in file 'c:\ITERASYS\ProjetoFinal5\tests\web\mobile\giuliana_flores_mobile.robot' on line 17: Setting variable '${REMOTE_URL}' failed: Environment variable '%{SAUCE_ACCESS_KEY}' not found.</msg>
<msg time="2024-10-17T22:01:10.888096" level="WARN">Keyword 'Capture Page Screenshot' could not be run on failure: No application is open</msg>
</errors>
</robot>
